TN:
SF:C:\Users\toshiba\Documents\GitHub\BancaEnLinea\banca-app\src\polyfills.ts
FNF:0
FNH:0
LF:0
LH:0
BRF:0
BRH:0
end_of_record
TN:
SF:C:\Users\toshiba\Documents\GitHub\BancaEnLinea\banca-app\src\test.ts
FNF:0
FNH:0
DA:13,1
DA:18,1
DA:20,1
LF:3
LH:3
BRF:0
BRH:0
end_of_record
TN:
SF:C:\Users\toshiba\Documents\GitHub\BancaEnLinea\banca-app\src\zone-flags.ts
FNF:0
FNH:0
DA:5,1
LF:1
LH:1
BRF:0
BRH:0
end_of_record
TN:
SF:C:\Users\toshiba\Documents\GitHub\BancaEnLinea\banca-app\src\app\app.component.ts
FN:42,(anonymous_0)
FN:51,(anonymous_1)
FN:52,(anonymous_2)
FNF:3
FNH:3
FNDA:4,(anonymous_0)
FNDA:4,(anonymous_1)
FNDA:4,(anonymous_2)
DA:12,1
DA:14,4
DA:43,4
DA:44,4
DA:45,4
DA:46,4
DA:48,4
DA:52,4
DA:53,4
DA:54,4
LF:10
LH:10
BRF:0
BRH:0
end_of_record
TN:
SF:C:\Users\toshiba\Documents\GitHub\BancaEnLinea\banca-app\src\app\componentes\cambio-curso-vacaciones\cambio-curso-vacaciones.page.ts
FN:24,(anonymous_0)
FN:33,(anonymous_1)
FN:37,(anonymous_2)
FN:40,(anonymous_3)
FN:44,(anonymous_4)
FN:47,(anonymous_5)
FN:51,(anonymous_6)
FN:77,(anonymous_7)
FN:82,(anonymous_8)
FN:87,(anonymous_9)
FN:97,(anonymous_10)
FNF:11
FNH:5
FNDA:3,(anonymous_0)
FNDA:3,(anonymous_1)
FNDA:0,(anonymous_2)
FNDA:0,(anonymous_3)
FNDA:0,(anonymous_4)
FNDA:0,(anonymous_5)
FNDA:1,(anonymous_6)
FNDA:0,(anonymous_7)
FNDA:0,(anonymous_8)
FNDA:1,(anonymous_9)
FNDA:1,(anonymous_10)
DA:16,1
DA:19,3
DA:20,3
DA:24,3
DA:26,3
DA:34,3
DA:35,3
DA:36,3
DA:38,0
DA:40,0
DA:43,3
DA:45,0
DA:47,0
DA:52,1
DA:53,1
DA:54,1
DA:56,0
DA:60,1
DA:61,1
DA:63,0
DA:67,1
DA:69,0
DA:72,1
DA:76,1
DA:78,0
DA:79,0
DA:80,0
DA:82,0
DA:88,1
DA:89,1
DA:90,1
DA:92,0
DA:94,1
DA:98,1
DA:104,1
LF:35
LH:23
BRDA:54,0,0,0
BRDA:54,0,1,1
BRDA:61,1,0,0
BRDA:61,1,1,1
BRDA:67,2,0,0
BRDA:67,2,1,1
BRDA:72,3,0,0
BRDA:72,3,1,1
BRDA:89,4,0,1
BRDA:89,4,1,0
BRF:10
BRH:5
end_of_record
TN:
SF:C:\Users\toshiba\Documents\GitHub\BancaEnLinea\banca-app\src\app\componentes\historial-cuenta\historial-cuenta.page.ts
FN:14,(anonymous_0)
FN:16,(anonymous_1)
FN:20,(anonymous_2)
FN:22,(anonymous_3)
FNF:4
FNH:3
FNDA:1,(anonymous_0)
FNDA:1,(anonymous_1)
FNDA:1,(anonymous_2)
FNDA:0,(anonymous_3)
DA:11,1
DA:14,1
DA:17,1
DA:21,1
DA:23,0
DA:24,0
LF:6
LH:4
BRF:0
BRH:0
end_of_record
TN:
SF:C:\Users\toshiba\Documents\GitHub\BancaEnLinea\banca-app\src\app\componentes\home\home.page.ts
FN:28,(anonymous_0)
FN:18,(anonymous_1)
FN:32,(anonymous_2)
FN:38,(anonymous_4)
FN:41,(anonymous_5)
FN:46,(anonymous_6)
FN:59,(anonymous_7)
FN:65,delay
FN:66,(anonymous_10)
FNF:9
FNH:5
FNDA:1,(anonymous_0)
FNDA:0,(anonymous_1)
FNDA:1,(anonymous_2)
FNDA:1,(anonymous_4)
FNDA:0,(anonymous_5)
FNDA:0,(anonymous_6)
FNDA:0,(anonymous_7)
FNDA:2,delay
FNDA:2,(anonymous_10)
DA:12,1
DA:15,1
DA:19,0
DA:28,1
DA:29,1
DA:33,1
DA:34,0
DA:37,1
DA:38,1
DA:39,1
DA:40,1
DA:42,0
DA:43,0
DA:44,0
DA:46,0
DA:50,1
DA:51,1
DA:53,1
DA:54,0
DA:60,0
DA:66,2
LF:21
LH:13
BRDA:33,0,0,0
BRDA:33,0,1,1
BRDA:53,1,0,0
BRDA:53,1,1,1
BRF:4
BRH:2
end_of_record
TN:
SF:C:\Users\toshiba\Documents\GitHub\BancaEnLinea\banca-app\src\app\componentes\list\list.page.ts
FN:26,(anonymous_0)
FN:37,(anonymous_1)
FN:40,(anonymous_2)
FNF:3
FNH:2
FNDA:2,(anonymous_0)
FNDA:2,(anonymous_1)
FNDA:0,(anonymous_2)
DA:10,1
DA:13,2
DA:25,2
DA:26,2
DA:27,2
DA:28,20
DA:41,0
LF:7
LH:6
BRF:0
BRH:0
end_of_record
TN:
SF:C:\Users\toshiba\Documents\GitHub\BancaEnLinea\banca-app\src\app\componentes\listapagos\listapagos.page.ts
FN:52,(anonymous_0)
FN:54,(anonymous_1)
FN:60,(anonymous_2)
FNF:3
FNH:2
FNDA:1,(anonymous_0)
FNDA:0,(anonymous_1)
FNDA:1,(anonymous_2)
DA:10,1
DA:12,1
DA:51,1
DA:52,1
DA:56,0
DA:57,0
LF:6
LH:4
BRF:0
BRH:0
end_of_record
TN:
SF:C:\Users\toshiba\Documents\GitHub\BancaEnLinea\banca-app\src\app\componentes\listasemestre\listasemestre.page.ts
FN:13,(anonymous_0)
FN:16,(anonymous_1)
FN:20,(anonymous_3)
FN:23,(anonymous_4)
FN:29,(anonymous_5)
FN:41,delay
FN:42,(anonymous_9)
FNF:7
FNH:5
FNDA:2,(anonymous_0)
FNDA:2,(anonymous_1)
FNDA:0,(anonymous_3)
FNDA:0,(anonymous_4)
FNDA:1,(anonymous_5)
FNDA:4,delay
FNDA:4,(anonymous_9)
DA:11,1
DA:12,2
DA:13,2
DA:14,2
DA:17,2
DA:19,2
DA:21,0
DA:23,0
DA:26,2
DA:30,1
DA:36,1
DA:42,4
LF:12
LH:10
BRF:0
BRH:0
end_of_record
TN:
SF:C:\Users\toshiba\Documents\GitHub\BancaEnLinea\banca-app\src\app\componentes\login\login.component.ts
FN:26,(anonymous_0)
FN:19,(anonymous_1)
FN:29,(anonymous_2)
FN:33,(anonymous_3)
FN:38,(anonymous_4)
FN:47,(anonymous_5)
FN:52,(anonymous_6)
FN:62,(anonymous_8)
FNF:8
FNH:5
FNDA:3,(anonymous_0)
FNDA:1,(anonymous_1)
FNDA:3,(anonymous_2)
FNDA:1,(anonymous_3)
FNDA:0,(anonymous_4)
FNDA:0,(anonymous_5)
FNDA:1,(anonymous_6)
FNDA:0,(anonymous_8)
DA:13,1
DA:20,1
DA:26,3
DA:27,3
DA:34,1
DA:35,1
DA:36,1
DA:37,1
DA:39,0
DA:40,0
DA:41,0
DA:44,0
DA:47,0
DA:53,1
DA:59,1
DA:63,0
LF:16
LH:10
BRDA:35,0,0,1
BRDA:35,0,1,0
BRDA:35,1,0,1
BRDA:35,1,1,1
BRDA:40,2,0,0
BRDA:40,2,1,0
BRF:6
BRH:3
end_of_record
TN:
SF:C:\Users\toshiba\Documents\GitHub\BancaEnLinea\banca-app\src\app\componentes\menu-vacaciones\menu-vacaciones.page.ts
FN:36,(anonymous_0)
FN:38,(anonymous_1)
FNF:2
FNH:2
FNDA:1,(anonymous_0)
FNDA:1,(anonymous_1)
DA:9,1
DA:12,1
DA:36,1
LF:3
LH:3
BRF:0
BRH:0
end_of_record
TN:
SF:C:\Users\toshiba\Documents\GitHub\BancaEnLinea\banca-app\src\app\componentes\perfil\perfil.page.ts
FN:26,(anonymous_0)
FN:29,(anonymous_1)
FN:34,(anonymous_2)
FN:38,(anonymous_3)
FN:42,(anonymous_4)
FN:55,(anonymous_5)
FN:68,(anonymous_6)
FN:83,(anonymous_7)
FN:86,(anonymous_8)
FN:89,(anonymous_9)
FN:93,(anonymous_10)
FN:95,(anonymous_11)
FN:98,(anonymous_12)
FN:103,(anonymous_13)
FNF:14
FNH:7
FNDA:6,(anonymous_0)
FNDA:6,(anonymous_1)
FNDA:0,(anonymous_2)
FNDA:0,(anonymous_3)
FNDA:1,(anonymous_4)
FNDA:1,(anonymous_5)
FNDA:1,(anonymous_6)
FNDA:0,(anonymous_7)
FNDA:0,(anonymous_8)
FNDA:0,(anonymous_9)
FNDA:1,(anonymous_10)
FNDA:0,(anonymous_11)
FNDA:0,(anonymous_12)
FNDA:1,(anonymous_13)
DA:13,1
DA:26,6
DA:27,6
DA:30,6
DA:31,6
DA:33,6
DA:35,0
DA:36,0
DA:38,0
DA:43,1
DA:44,1
DA:45,1
DA:46,1
DA:47,1
DA:48,1
DA:49,1
DA:50,1
DA:51,1
DA:56,1
DA:69,1
DA:70,1
DA:71,1
DA:74,0
DA:75,0
DA:76,0
DA:77,0
DA:78,0
DA:84,0
DA:85,0
DA:87,0
DA:89,0
DA:94,1
DA:96,0
DA:98,0
DA:100,1
DA:104,1
DA:110,1
LF:37
LH:23
BRDA:69,0,0,1
BRDA:69,0,1,0
BRF:2
BRH:1
end_of_record
TN:
SF:C:\Users\toshiba\Documents\GitHub\BancaEnLinea\banca-app\src\app\componentes\reembolso-vacaciones\reembolso-vacaciones.page.ts
FN:23,(anonymous_0)
FN:35,(anonymous_1)
FN:39,(anonymous_2)
FN:43,(anonymous_3)
FN:47,(anonymous_4)
FN:50,(anonymous_5)
FN:54,(anonymous_6)
FN:68,(anonymous_7)
FN:73,(anonymous_8)
FN:79,(anonymous_9)
FNF:10
FNH:4
FNDA:3,(anonymous_0)
FNDA:3,(anonymous_1)
FNDA:0,(anonymous_2)
FNDA:0,(anonymous_3)
FNDA:0,(anonymous_4)
FNDA:0,(anonymous_5)
FNDA:1,(anonymous_6)
FNDA:0,(anonymous_7)
FNDA:0,(anonymous_8)
FNDA:1,(anonymous_9)
DA:14,1
DA:16,3
DA:17,3
DA:23,3
DA:24,3
DA:26,3
DA:36,3
DA:37,3
DA:38,3
DA:40,0
DA:41,0
DA:43,0
DA:46,3
DA:48,0
DA:50,0
DA:56,1
DA:57,1
DA:59,1
DA:60,1
DA:61,1
DA:62,1
DA:65,1
DA:67,1
DA:69,0
DA:70,0
DA:71,0
DA:73,0
DA:80,1
DA:86,1
LF:29
LH:20
BRDA:57,0,0,1
BRDA:57,0,1,0
BRF:2
BRH:1
end_of_record
TN:
SF:C:\Users\toshiba\Documents\GitHub\BancaEnLinea\banca-app\src\app\componentes\registro-usuario\registro-usuario.component.ts
FN:38,(anonymous_0)
FN:25,(anonymous_1)
FN:41,(anonymous_2)
FN:43,(anonymous_3)
FN:47,(anonymous_4)
FN:51,(anonymous_5)
FN:59,(anonymous_6)
FN:63,(anonymous_7)
FNF:8
FNH:6
FNDA:6,(anonymous_0)
FNDA:3,(anonymous_1)
FNDA:6,(anonymous_2)
FNDA:2,(anonymous_3)
FNDA:0,(anonymous_4)
FNDA:0,(anonymous_5)
FNDA:1,(anonymous_6)
FNDA:1,(anonymous_7)
DA:13,1
DA:26,3
DA:38,6
DA:39,6
DA:44,2
DA:45,2
DA:46,2
DA:48,0
DA:49,0
DA:51,0
DA:55,0
DA:60,1
DA:64,1
DA:70,1
LF:14
LH:10
BRDA:45,0,0,2
BRDA:45,0,1,0
BRF:2
BRH:1
end_of_record
TN:
SF:C:\Users\toshiba\Documents\GitHub\BancaEnLinea\banca-app\src\app\componentes\reinscripcion-a\reinscripcion-a.page.ts
FN:22,(anonymous_0)
FN:25,(anonymous_1)
FN:28,(anonymous_3)
FN:32,(anonymous_4)
FN:37,(anonymous_5)
FN:46,(anonymous_7)
FN:56,delay
FN:57,(anonymous_11)
FNF:8
FNH:5
FNDA:2,(anonymous_0)
FNDA:2,(anonymous_1)
FNDA:0,(anonymous_3)
FNDA:0,(anonymous_4)
FNDA:0,(anonymous_5)
FNDA:1,(anonymous_7)
FNDA:4,delay
FNDA:4,(anonymous_11)
DA:14,1
DA:15,2
DA:20,2
DA:22,2
DA:23,2
DA:26,2
DA:27,2
DA:29,0
DA:30,0
DA:32,0
DA:34,2
DA:38,0
DA:39,0
DA:40,0
DA:41,0
DA:42,0
DA:43,0
DA:47,1
DA:52,1
DA:57,4
LF:20
LH:11
BRF:0
BRH:0
end_of_record
TN:
SF:C:\Users\toshiba\Documents\GitHub\BancaEnLinea\banca-app\src\app\componentes\retrasada\retrasada.page.ts
FN:41,(anonymous_0)
FN:45,(anonymous_1)
FN:51,(anonymous_3)
FN:55,(anonymous_4)
FN:59,(anonymous_5)
FN:63,(anonymous_6)
FN:69,(anonymous_7)
FN:79,(anonymous_9)
FN:93,(anonymous_10)
FN:98,(anonymous_11)
FN:104,delay
FN:105,(anonymous_14)
FNF:12
FNH:6
FNDA:3,(anonymous_0)
FNDA:3,(anonymous_1)
FNDA:0,(anonymous_3)
FNDA:0,(anonymous_4)
FNDA:0,(anonymous_5)
FNDA:0,(anonymous_6)
FNDA:1,(anonymous_7)
FNDA:1,(anonymous_9)
FNDA:0,(anonymous_10)
FNDA:0,(anonymous_11)
FNDA:9,delay
FNDA:9,(anonymous_14)
DA:16,1
DA:17,3
DA:19,3
DA:25,3
DA:32,3
DA:41,3
DA:42,3
DA:43,3
DA:46,3
DA:47,3
DA:49,3
DA:50,3
DA:52,0
DA:53,0
DA:55,0
DA:57,3
DA:58,3
DA:60,0
DA:61,0
DA:63,0
DA:66,3
DA:70,1
DA:76,1
DA:80,1
DA:81,1
DA:83,1
DA:84,1
DA:85,1
DA:86,1
DA:89,1
DA:92,1
DA:94,0
DA:95,0
DA:96,0
DA:98,0
DA:105,9
LF:36
LH:26
BRDA:81,0,0,1
BRDA:81,0,1,0
BRF:2
BRH:1
end_of_record
TN:
SF:C:\Users\toshiba\Documents\GitHub\BancaEnLinea\banca-app\src\app\componentes\semestre\semestre.page.ts
FN:27,(anonymous_0)
FN:30,(anonymous_1)
FN:35,(anonymous_3)
FN:39,(anonymous_4)
FN:45,(anonymous_5)
FN:49,(anonymous_6)
FN:55,(anonymous_7)
FN:66,(anonymous_9)
FN:75,(anonymous_10)
FN:81,(anonymous_11)
FN:91,delay
FN:92,(anonymous_15)
FNF:12
FNH:6
FNDA:3,(anonymous_0)
FNDA:3,(anonymous_1)
FNDA:0,(anonymous_3)
FNDA:0,(anonymous_4)
FNDA:0,(anonymous_5)
FNDA:0,(anonymous_6)
FNDA:1,(anonymous_7)
FNDA:0,(anonymous_9)
FNDA:0,(anonymous_10)
FNDA:1,(anonymous_11)
FNDA:11,delay
FNDA:11,(anonymous_15)
DA:13,1
DA:15,3
DA:16,3
DA:21,3
DA:27,3
DA:28,3
DA:32,3
DA:34,3
DA:36,0
DA:39,0
DA:42,3
DA:44,3
DA:46,0
DA:49,0
DA:52,3
DA:56,1
DA:57,1
DA:59,1
DA:61,1
DA:62,1
DA:64,1
DA:65,1
DA:67,0
DA:68,0
DA:69,0
DA:72,0
DA:75,0
DA:77,1
DA:82,1
DA:87,1
DA:92,11
LF:31
LH:22
BRDA:68,0,0,0
BRDA:68,0,1,0
BRF:2
BRH:0
end_of_record
TN:
SF:C:\Users\toshiba\Documents\GitHub\BancaEnLinea\banca-app\src\app\componentes\suficiencia\suficiencia.page.ts
FN:38,(anonymous_0)
FN:41,(anonymous_1)
FN:46,(anonymous_2)
FN:50,(anonymous_3)
FN:54,(anonymous_4)
FN:58,(anonymous_5)
FN:62,(anonymous_6)
FN:77,(anonymous_7)
FN:82,(anonymous_8)
FN:88,(anonymous_9)
FNF:10
FNH:4
FNDA:3,(anonymous_0)
FNDA:3,(anonymous_1)
FNDA:0,(anonymous_2)
FNDA:0,(anonymous_3)
FNDA:0,(anonymous_4)
FNDA:0,(anonymous_5)
FNDA:1,(anonymous_6)
FNDA:0,(anonymous_7)
FNDA:0,(anonymous_8)
FNDA:1,(anonymous_9)
DA:17,1
DA:18,3
DA:19,3
DA:23,3
DA:29,3
DA:38,3
DA:39,3
DA:42,3
DA:43,3
DA:45,3
DA:47,0
DA:48,0
DA:50,0
DA:53,3
DA:55,0
DA:56,0
DA:58,0
DA:64,1
DA:65,1
DA:67,1
DA:68,1
DA:69,1
DA:70,1
DA:73,1
DA:76,1
DA:78,0
DA:79,0
DA:80,0
DA:82,0
DA:89,1
DA:94,1
LF:31
LH:21
BRDA:65,0,0,1
BRDA:65,0,1,0
BRF:2
BRH:1
end_of_record
TN:
SF:C:\Users\toshiba\Documents\GitHub\BancaEnLinea\banca-app\src\app\componentes\vacaciones\vacaciones.page.ts
FN:27,(anonymous_0)
FN:32,(anonymous_1)
FN:44,(anonymous_2)
FN:49,(anonymous_4)
FN:52,(anonymous_5)
FN:58,(anonymous_6)
FN:61,(anonymous_7)
FN:67,(anonymous_8)
FN:70,(anonymous_9)
FN:76,(anonymous_10)
FN:79,(anonymous_11)
FN:86,(anonymous_12)
FN:95,(anonymous_13)
FN:98,(anonymous_14)
FN:102,(anonymous_15)
FN:105,(anonymous_16)
FN:109,(anonymous_17)
FN:119,(anonymous_18)
FN:129,delay
FN:130,(anonymous_22)
FNF:20
FNH:8
FNDA:3,(anonymous_0)
FNDA:1,(anonymous_1)
FNDA:3,(anonymous_2)
FNDA:0,(anonymous_4)
FNDA:0,(anonymous_5)
FNDA:0,(anonymous_6)
FNDA:0,(anonymous_7)
FNDA:0,(anonymous_8)
FNDA:0,(anonymous_9)
FNDA:0,(anonymous_10)
FNDA:0,(anonymous_11)
FNDA:1,(anonymous_12)
FNDA:0,(anonymous_13)
FNDA:0,(anonymous_14)
FNDA:0,(anonymous_15)
FNDA:0,(anonymous_16)
FNDA:1,(anonymous_17)
FNDA:1,(anonymous_18)
FNDA:15,delay
FNDA:15,(anonymous_22)
DA:12,1
DA:13,3
DA:14,3
DA:15,3
DA:27,3
DA:28,3
DA:33,1
DA:46,3
DA:48,3
DA:50,0
DA:52,0
DA:55,3
DA:57,3
DA:59,0
DA:61,0
DA:64,3
DA:66,3
DA:68,0
DA:70,0
DA:73,3
DA:75,3
DA:77,0
DA:79,0
DA:82,3
DA:83,3
DA:88,1
DA:90,1
DA:92,1
DA:94,1
DA:96,0
DA:98,0
DA:101,1
DA:103,0
DA:105,0
DA:110,1
DA:111,1
DA:112,1
DA:114,0
DA:116,1
DA:120,1
DA:125,1
DA:130,15
LF:42
LH:29
BRDA:111,0,0,1
BRDA:111,0,1,0
BRF:2
BRH:1
end_of_record
TN:
SF:C:\Users\toshiba\Documents\GitHub\BancaEnLinea\banca-app\src\app\servicios\cambio-curso-vacaciones.service.ts
FN:19,(anonymous_0)
FN:21,(anonymous_1)
FN:25,(anonymous_2)
FN:29,(anonymous_3)
FNF:4
FNH:4
FNDA:4,(anonymous_0)
FNDA:1,(anonymous_1)
FNDA:3,(anonymous_2)
FNDA:3,(anonymous_3)
DA:6,1
DA:15,1
DA:17,4
DA:19,4
DA:22,1
DA:26,3
DA:30,3
LF:7
LH:7
BRF:0
BRH:0
end_of_record
TN:
SF:C:\Users\toshiba\Documents\GitHub\BancaEnLinea\banca-app\src\app\servicios\cuenta.service.ts
FN:12,(anonymous_0)
FN:14,(anonymous_1)
FNF:2
FNH:2
FNDA:2,(anonymous_0)
FNDA:1,(anonymous_1)
DA:8,1
DA:10,2
DA:12,2
DA:15,1
LF:4
LH:4
BRF:0
BRH:0
end_of_record
TN:
SF:C:\Users\toshiba\Documents\GitHub\BancaEnLinea\banca-app\src\app\servicios\global.service.ts
FN:10,(anonymous_0)
FNF:1
FNH:1
FNDA:43,(anonymous_0)
DA:6,1
LF:1
LH:1
BRF:0
BRH:0
end_of_record
TN:
SF:C:\Users\toshiba\Documents\GitHub\BancaEnLinea\banca-app\src\app\servicios\historial-cuenta.service.ts
FN:18,(anonymous_0)
FN:20,(anonymous_1)
FNF:2
FNH:2
FNDA:2,(anonymous_0)
FNDA:1,(anonymous_1)
DA:5,1
DA:14,1
DA:16,2
DA:18,2
DA:21,1
LF:5
LH:5
BRF:0
BRH:0
end_of_record
TN:
SF:C:\Users\toshiba\Documents\GitHub\BancaEnLinea\banca-app\src\app\servicios\login.service.ts
FN:19,(anonymous_0)
FN:21,(anonymous_1)
FNF:2
FNH:2
FNDA:4,(anonymous_0)
FNDA:1,(anonymous_1)
DA:6,1
DA:15,1
DA:17,4
DA:19,4
DA:22,1
LF:5
LH:5
BRF:0
BRH:0
end_of_record
TN:
SF:C:\Users\toshiba\Documents\GitHub\BancaEnLinea\banca-app\src\app\servicios\perfil-usuario.service.ts
FN:13,(anonymous_0)
FN:15,(anonymous_1)
FN:19,(anonymous_2)
FN:24,(anonymous_3)
FNF:4
FNH:3
FNDA:7,(anonymous_0)
FNDA:6,(anonymous_1)
FNDA:0,(anonymous_2)
FNDA:1,(anonymous_3)
DA:9,1
DA:11,7
DA:13,7
DA:16,6
DA:20,0
DA:25,1
LF:6
LH:5
BRF:0
BRH:0
end_of_record
TN:
SF:C:\Users\toshiba\Documents\GitHub\BancaEnLinea\banca-app\src\app\servicios\reembolso-vacaciones.service.ts
FN:19,(anonymous_0)
FN:21,(anonymous_1)
FN:25,(anonymous_2)
FN:29,(anonymous_3)
FNF:4
FNH:4
FNDA:10,(anonymous_0)
FNDA:3,(anonymous_1)
FNDA:3,(anonymous_2)
FNDA:3,(anonymous_3)
DA:6,1
DA:15,1
DA:17,10
DA:19,10
DA:22,3
DA:26,3
DA:30,3
LF:7
LH:7
BRF:0
BRH:0
end_of_record
TN:
SF:C:\Users\toshiba\Documents\GitHub\BancaEnLinea\banca-app\src\app\servicios\registro-usuario.service.ts
FN:19,(anonymous_0)
FN:21,(anonymous_1)
FNF:2
FNH:2
FNDA:10,(anonymous_0)
FNDA:3,(anonymous_1)
DA:5,1
DA:15,1
DA:17,10
DA:19,10
DA:22,3
LF:5
LH:5
BRF:0
BRH:0
end_of_record
TN:
SF:C:\Users\toshiba\Documents\GitHub\BancaEnLinea\banca-app\src\app\servicios\reinscripcion.service.ts
FN:19,(anonymous_0)
FN:21,(anonymous_1)
FNF:2
FNH:1
FNDA:3,(anonymous_0)
FNDA:0,(anonymous_1)
DA:6,1
DA:15,1
DA:17,3
DA:19,3
DA:22,0
LF:5
LH:4
BRF:0
BRH:0
end_of_record
TN:
SF:C:\Users\toshiba\Documents\GitHub\BancaEnLinea\banca-app\src\app\servicios\retrasada.service.ts
FN:17,(anonymous_0)
FN:23,(anonymous_1)
FN:27,(anonymous_2)
FN:31,(anonymous_3)
FN:35,(anonymous_4)
FN:39,(anonymous_5)
FN:43,(anonymous_6)
FN:47,(anonymous_7)
FNF:8
FNH:7
FNDA:12,(anonymous_0)
FNDA:3,(anonymous_1)
FNDA:3,(anonymous_2)
FNDA:6,(anonymous_3)
FNDA:7,(anonymous_4)
FNDA:5,(anonymous_5)
FNDA:1,(anonymous_6)
FNDA:0,(anonymous_7)
DA:6,1
DA:15,1
DA:17,12
DA:21,12
DA:24,3
DA:28,3
DA:32,6
DA:36,7
DA:40,5
DA:44,1
DA:48,0
LF:11
LH:10
BRF:0
BRH:0
end_of_record
TN:
SF:C:\Users\toshiba\Documents\GitHub\BancaEnLinea\banca-app\src\app\servicios\semestre.service.ts
FN:18,(anonymous_0)
FN:20,(anonymous_1)
FNF:2
FNH:2
FNDA:4,(anonymous_0)
FNDA:1,(anonymous_1)
DA:6,1
DA:15,1
DA:16,4
DA:18,4
DA:21,1
LF:5
LH:5
BRF:0
BRH:0
end_of_record
TN:
SF:C:\Users\toshiba\Documents\GitHub\BancaEnLinea\banca-app\src\app\servicios\suficiencia.service.ts
FN:19,(anonymous_0)
FN:21,(anonymous_1)
FN:25,(anonymous_2)
FN:29,(anonymous_3)
FNF:4
FNH:3
FNDA:9,(anonymous_0)
FNDA:0,(anonymous_1)
FNDA:3,(anonymous_2)
FNDA:8,(anonymous_3)
DA:6,1
DA:15,1
DA:17,9
DA:19,9
DA:22,0
DA:26,3
DA:30,8
LF:7
LH:6
BRF:0
BRH:0
end_of_record
TN:
SF:C:\Users\toshiba\Documents\GitHub\BancaEnLinea\banca-app\src\app\servicios\transaccion.service.ts
FN:17,(anonymous_0)
FN:19,(anonymous_1)
FN:23,(anonymous_2)
FNF:3
FNH:3
FNDA:5,(anonymous_0)
FNDA:1,(anonymous_1)
FNDA:1,(anonymous_2)
DA:4,1
DA:13,1
DA:15,5
DA:17,5
DA:20,1
DA:24,1
LF:6
LH:6
BRF:0
BRH:0
end_of_record
TN:
SF:C:\Users\toshiba\Documents\GitHub\BancaEnLinea\banca-app\src\app\servicios\vacaciones.service.ts
FN:8,(anonymous_0)
FNF:1
FNH:1
FNDA:1,(anonymous_0)
DA:6,1
LF:1
LH:1
BRF:0
BRH:0
end_of_record
TN:
SF:C:\Users\toshiba\Documents\GitHub\BancaEnLinea\banca-app\src\app\simulate\inscription\inscription.component.ts
FN:35,(anonymous_0)
FN:22,(anonymous_1)
FN:37,(anonymous_2)
FN:39,(anonymous_3)
FN:42,(anonymous_4)
FN:46,(anonymous_5)
FN:50,(anonymous_6)
FN:60,(anonymous_8)
FNF:8
FNH:5
FNDA:3,(anonymous_0)
FNDA:1,(anonymous_1)
FNDA:3,(anonymous_2)
FNDA:1,(anonymous_3)
FNDA:0,(anonymous_4)
FNDA:0,(anonymous_5)
FNDA:0,(anonymous_6)
FNDA:1,(anonymous_8)
DA:11,1
DA:23,1
DA:35,3
DA:40,1
DA:41,1
DA:43,0
DA:44,0
DA:46,0
DA:51,0
DA:57,0
DA:61,1
DA:62,1
DA:63,1
DA:64,1
DA:65,1
DA:66,1
DA:67,1
LF:17
LH:12
BRF:0
BRH:0
end_of_record
TN:
SF:C:\Users\toshiba\Documents\GitHub\BancaEnLinea\banca-app\src\app\simulate\transaction\transaction.component.ts
FN:27,(anonymous_0)
FN:19,(anonymous_1)
FN:30,(anonymous_2)
FN:34,(anonymous_3)
FN:37,(anonymous_4)
FN:45,(anonymous_5)
FN:50,(anonymous_6)
FN:53,(anonymous_7)
FN:61,(anonymous_8)
FN:66,(anonymous_9)
FNF:10
FNH:6
FNDA:4,(anonymous_0)
FNDA:2,(anonymous_1)
FNDA:4,(anonymous_2)
FNDA:1,(anonymous_3)
FNDA:0,(anonymous_4)
FNDA:0,(anonymous_5)
FNDA:1,(anonymous_6)
FNDA:0,(anonymous_7)
FNDA:0,(anonymous_8)
FNDA:1,(anonymous_9)
DA:13,1
DA:20,2
DA:27,4
DA:28,4
DA:35,1
DA:36,1
DA:38,0
DA:39,0
DA:42,0
DA:45,0
DA:51,1
DA:52,1
DA:54,0
DA:55,0
DA:58,0
DA:61,0
DA:67,1
DA:73,1
LF:18
LH:10
BRDA:35,0,0,1
BRDA:35,0,1,0
BRDA:35,1,0,1
BRDA:35,1,1,1
BRDA:35,1,2,1
BRDA:38,2,0,0
BRDA:38,2,1,0
BRDA:51,3,0,1
BRDA:51,3,1,0
BRDA:51,4,0,1
BRDA:51,4,1,1
BRDA:51,4,2,1
BRDA:54,5,0,0
BRDA:54,5,1,0
BRF:14
BRH:8
end_of_record
